-------------------------------------------------------------------------------
Test set: com.example.tiliaswebmanagement.TiliasWebManagementApplicationTests
-------------------------------------------------------------------------------
Tests run: 3, Failures: 0, Errors: 1, Skipped: 0, Time elapsed: 4.482 s <<< FAILURE! - in com.example.tiliaswebmanagement.TiliasWebManagementApplicationTests
testparseJwt  Time elapsed: 0.048 s  <<< ERROR!
io.jsonwebtoken.ExpiredJwtException: JWT expired at 2023-04-10T14:32:29Z. Current time: 2023-04-11T19:14:59Z, a difference of 103350454 milliseconds.  Allowed clock skew: 0 milliseconds.
	at com.example.tiliaswebmanagement.TiliasWebManagementApplicationTests.testparseJwt(TiliasWebManagementApplicationTests.java:38)

