<?xml version="1.0" encoding="UTF-8"?>
<testsuite xmlns:xsi="http://www.w3.org/2001/XMLSchema-instance" xsi:noNamespaceSchemaLocation="https://maven.apache.org/surefire/maven-surefire-plugin/xsd/surefire-test-report.xsd" name="com.example.tiliaswebmanagement.TiliasWebManagementApplicationTests" time="4.482" tests="3" errors="1" skipped="0" failures="0">
  <properties>
[...]
</properties>
  <testcase name="contextLoads" classname="com.example.tiliaswebmanagement.TiliasWebManagementApplicationTests" time="0.436"/>
  <testcase name="testGenJwt" classname="com.example.tiliaswebmanagement.TiliasWebManagementApplicationTests" time="0.591"/>
  <testcase name="testparseJwt" classname="com.example.tiliaswebmanagement.TiliasWebManagementApplicationTests" time="0.048">
    <error message="JWT expired at 2023-04-10T14:32:29Z. Current time: 2023-04-11T19:14:59Z, a difference of 103350454 milliseconds.  Allowed clock skew: 0 milliseconds." type="io.jsonwebtoken.ExpiredJwtException">io.jsonwebtoken.ExpiredJwtException: JWT expired at 2023-04-10T14:32:29Z. Current time: 2023-04-11T19:14:59Z, a difference of 103350454 milliseconds.  Allowed clock skew: 0 milliseconds.
	at com.example.tiliaswebmanagement.TiliasWebManagementApplicationTests.testparseJwt(TiliasWebManagementApplicationTests.java:38)
</error>
  </testcase>
</testsuite>